1: program -> PROGRAM#0
2: ident -> IDENT (primes)#0
3: semicolon -> SEMICOLON#0
4: ident -> IDENT (n)#0
5: declaration2 -> 
6: colon -> COLON#0
7: array_block -> 
8: integer -> INTEGER#0
9: declaration -> identifier#4 declaration2#5 colon#6 array#7 integer#8
10: semicolon -> SEMICOLON#0
11: ident -> IDENT (a)#0
12: declaration2 -> 
13: colon -> COLON#0
14: array -> ARRAY#0
15: l_paren -> L_PAREN#0
16: number -> NUMBER (1000)#0
17: r_paren -> R_PAREN#0
18: of -> OF#0
19: array_block -> array#14 l_paren#15 number#16 r_paren#17 of#18
20: integer -> INTEGER#0
21: declaration -> identifier#11 declaration2#12 colon#13 array#19 integer#20
22: semicolon -> SEMICOLON#0
23: ident -> IDENT (i)#0
24: comma -> COMMA#0
25: ident -> IDENT (j)#0
26: declaration2 -> 
27: declaration2 -> comma#24 identifier#25 declaration2#26
28: colon -> COLON#0
29: array_block -> 
30: integer -> INTEGER#0
31: declaration -> identifier#23 declaration2#27 colon#28 array#29 integer#30
32: semicolon -> SEMICOLON#0
33: ident -> IDENT (x)#0
34: comma -> COMMA#0
35: ident -> IDENT (sqrt_n)#0
36: declaration2 -> 
37: declaration2 -> comma#34 identifier#35 declaration2#36
38: colon -> COLON#0
39: array_block -> 
40: integer -> INTEGER#0
41: declaration -> identifier#33 declaration2#37 colon#38 array#39 integer#40
42: semicolon -> SEMICOLON#0
43: declarations2 -> 
44: declarations -> declaration#41 semicolon#42 declarations2#43
45: declarations2 -> declarations#44
46: declarations -> declaration#31 semicolon#32 declarations2#45
47: declarations2 -> declarations#46
48: declarations -> declaration#21 semicolon#22 declarations2#47
49: declarations2 -> declarations#48
50: declarations -> declaration#9 semicolon#10 declarations2#49
51: begin_program -> BEGIN_PROGRAM#0
52: read -> READ#0
53: ident -> IDENT (n)#0
54: var -> identifier#53
55: vars2 -> 
56: vars -> var#54 vars2#55
57: statement -> vars#52
58: semicolon -> SEMICOLON#0
59: ident -> IDENT (x)#0
60: var -> identifier#59
61: assign -> ASSIGN#0
62: sub_exp -> 
63: ident -> IDENT (n)#0
64: var -> identifier#63
65: term2 -> var#64
66: term -> sub_exp#62 term2#65
67: mult_exp2 -> 
68: div_exp -> 
69: mod_exp -> 
70: mult_exp -> term#66 mult_exp2#67 div_exp#68 mod_exp#69
71: add_exp -> 
72: sub_exp -> 
73: exp -> mult_exp#70 add_exp#71 sub_exp#72
74: statement -> var#60 assign#61 exp#73
75: semicolon -> SEMICOLON#0
76: While -> WHILE#0
77: not_exp -> 
78: sub_exp -> 
79: ident -> IDENT (x)#0
80: var -> identifier#79
81: term2 -> var#80
82: term -> sub_exp#78 term2#81
83: mult_exp2 -> 
84: div_exp -> 
85: mod_exp -> 
86: mult_exp -> term#82 mult_exp2#83 div_exp#84 mod_exp#85
87: add_exp -> 
88: sub_exp -> 
89: exp -> mult_exp#86 add_exp#87 sub_exp#88
90: greater_than -> GT#0
91: comp -> greater_than#90
92: sub_exp -> 
93: ident -> IDENT (n)#0
94: var -> identifier#93
95: term2 -> var#94
96: term -> sub_exp#92 term2#95
97: mult_exp2 -> 
98: div -> DIV#0
99: sub_exp -> 
100: ident -> IDENT (x)#0
101: var -> identifier#100
102: term2 -> var#101
103: term -> sub_exp#99 term2#102
104: mult_exp2 -> 
105: div_exp -> 
106: mod_exp -> 
107: mult_exp -> term#103 mult_exp2#104 div_exp#105 mod_exp#106
108: div_exp -> div#98 mult_exp#107
109: mod_exp -> 
110: mult_exp -> term#96 mult_exp2#97 div_exp#108 mod_exp#109
111: add_exp -> 
112: sub_exp -> 
113: exp -> mult_exp#110 add_exp#111 sub_exp#112
114: relation_exp -> exp#89 comp#91 exp#113
115: relation_exp -> not_exp#77 relation_exp#114
116: and_exp -> 
117: relation_and_exp -> relation_exp#115 and_exp#116
118: or_exp -> 
119: bool_exp -> relation_and_exp#117 or_exp#118
120: beginloop -> BEGINLOOP#0
121: ident -> IDENT (x)#0
122: var -> identifier#121
123: assign -> ASSIGN#0
124: sub_exp -> 
125: l_paren -> L_PAREN#0
126: sub_exp -> 
127: ident -> IDENT (x)#0
128: var -> identifier#127
129: term2 -> var#128
130: term -> sub_exp#126 term2#129
131: mult_exp2 -> 
132: div_exp -> 
133: mod_exp -> 
134: mult_exp -> term#130 mult_exp2#131 div_exp#132 mod_exp#133
135: add -> ADD#0
136: sub_exp -> 
137: ident -> IDENT (n)#0
138: var -> identifier#137
139: term2 -> var#138
140: term -> sub_exp#136 term2#139
141: mult_exp2 -> 
142: div -> DIV#0
143: sub_exp -> 
144: ident -> IDENT (x)#0
145: var -> identifier#144
146: term2 -> var#145
147: term -> sub_exp#143 term2#146
148: mult_exp2 -> 
149: div_exp -> 
150: mod_exp -> 
151: mult_exp -> term#147 mult_exp2#148 div_exp#149 mod_exp#150
152: div_exp -> div#142 mult_exp#151
153: mod_exp -> 
154: mult_exp -> term#140 mult_exp2#141 div_exp#152 mod_exp#153
155: add_exp -> 
156: sub_exp -> 
157: exp -> mult_exp#154 add_exp#155 sub_exp#156
158: add_exp -> add#135 exp#157
159: sub_exp -> 
160: exp -> mult_exp#134 add_exp#158 sub_exp#159
161: r_paren -> R_PAREN#0
162: term2 -> l_paren#125 exp#160 r_paren#161
163: term -> sub_exp#124 term2#162
164: mult_exp2 -> 
165: div -> DIV#0
166: sub_exp -> 
167: number -> NUMBER (2)#0
168: term2 -> number#167
169: term -> sub_exp#166 term2#168
170: mult_exp2 -> 
171: div_exp -> 
172: mod_exp -> 
173: mult_exp -> term#169 mult_exp2#170 div_exp#171 mod_exp#172
174: div_exp -> div#165 mult_exp#173
175: mod_exp -> 
176: mult_exp -> term#163 mult_exp2#164 div_exp#174 mod_exp#175
177: add_exp -> 
178: sub_exp -> 
179: exp -> mult_exp#176 add_exp#177 sub_exp#178
180: statement -> var#122 assign#123 exp#179
181: semicolon -> SEMICOLON#0
182: statements2 -> 
183: statements -> statement#180 semicolon#181 statements2#182
184: endloop -> ENDLOOP#0
185: statement -> While#76 bool_exp#119 beginloop#120 statements#183 endloop#184
186: semicolon -> SEMICOLON#0
187: ident -> IDENT (sqrt_n)#0
188: var -> identifier#187
189: assign -> ASSIGN#0
190: sub_exp -> 
191: ident -> IDENT (x)#0
192: var -> identifier#191
193: term2 -> var#192
194: term -> sub_exp#190 term2#193
195: mult_exp2 -> 
196: div_exp -> 
197: mod_exp -> 
198: mult_exp -> term#194 mult_exp2#195 div_exp#196 mod_exp#197
199: add_exp -> 
200: sub_exp -> 
201: exp -> mult_exp#198 add_exp#199 sub_exp#200
202: statement -> var#188 assign#189 exp#201
203: semicolon -> SEMICOLON#0
204: ident -> IDENT (i)#0
205: var -> identifier#204
206: assign -> ASSIGN#0
207: sub_exp -> 
208: number -> NUMBER (2)#0
209: term2 -> number#208
210: term -> sub_exp#207 term2#209
211: mult_exp2 -> 
212: div_exp -> 
213: mod_exp -> 
214: mult_exp -> term#210 mult_exp2#211 div_exp#212 mod_exp#213
215: add_exp -> 
216: sub_exp -> 
217: exp -> mult_exp#214 add_exp#215 sub_exp#216
218: statement -> var#205 assign#206 exp#217
219: semicolon -> SEMICOLON#0
220: While -> WHILE#0
221: not_exp -> 
222: sub_exp -> 
223: ident -> IDENT (i)#0
224: var -> identifier#223
225: term2 -> var#224
226: term -> sub_exp#222 term2#225
227: mult_exp2 -> 
228: div_exp -> 
229: mod_exp -> 
230: mult_exp -> term#226 mult_exp2#227 div_exp#228 mod_exp#229
231: add_exp -> 
232: sub_exp -> 
233: exp -> mult_exp#230 add_exp#231 sub_exp#232
234: less_than_eq -> LTE#0
235: comp -> less_than_eq#234
236: sub_exp -> 
237: ident -> IDENT (n)#0
238: var -> identifier#237
239: term2 -> var#238
240: term -> sub_exp#236 term2#239
241: mult_exp2 -> 
242: div_exp -> 
243: mod_exp -> 
244: mult_exp -> term#240 mult_exp2#241 div_exp#242 mod_exp#243
245: add_exp -> 
246: sub_exp -> 
247: exp -> mult_exp#244 add_exp#245 sub_exp#246
248: relation_exp -> exp#233 comp#235 exp#247
249: relation_exp -> not_exp#221 relation_exp#248
250: and_exp -> 
251: relation_and_exp -> relation_exp#249 and_exp#250
252: or_exp -> 
253: bool_exp -> relation_and_exp#251 or_exp#252
254: beginloop -> BEGINLOOP#0
255: ident -> IDENT (a)#0
256: l_paren -> L_PAREN#0
257: sub_exp -> 
258: ident -> IDENT (i)#0
259: var -> identifier#258
260: term2 -> var#259
261: term -> sub_exp#257 term2#260
262: mult_exp2 -> 
263: div_exp -> 
264: mod_exp -> 
265: mult_exp -> term#261 mult_exp2#262 div_exp#263 mod_exp#264
266: add_exp -> 
267: sub_exp -> 
268: exp -> mult_exp#265 add_exp#266 sub_exp#267
269: r_paren -> R_PAREN#0
270: var -> identifier#255 l_paren#256 exp#268 r_paren#269
271: assign -> ASSIGN#0
272: sub_exp -> 
273: number -> NUMBER (0)#0
274: term2 -> number#273
275: term -> sub_exp#272 term2#274
276: mult_exp2 -> 
277: div_exp -> 
278: mod_exp -> 
279: mult_exp -> term#275 mult_exp2#276 div_exp#277 mod_exp#278
280: add_exp -> 
281: sub_exp -> 
282: exp -> mult_exp#279 add_exp#280 sub_exp#281
283: statement -> var#270 assign#271 exp#282
284: semicolon -> SEMICOLON#0
285: ident -> IDENT (i)#0
286: var -> identifier#285
287: assign -> ASSIGN#0
288: sub_exp -> 
289: ident -> IDENT (i)#0
290: var -> identifier#289
291: term2 -> var#290
292: term -> sub_exp#288 term2#291
293: mult_exp2 -> 
294: div_exp -> 
295: mod_exp -> 
296: mult_exp -> term#292 mult_exp2#293 div_exp#294 mod_exp#295
297: add -> ADD#0
298: sub_exp -> 
299: number -> NUMBER (1)#0
300: term2 -> number#299
301: term -> sub_exp#298 term2#300
302: mult_exp2 -> 
303: div_exp -> 
304: mod_exp -> 
305: mult_exp -> term#301 mult_exp2#302 div_exp#303 mod_exp#304
306: add_exp -> 
307: sub_exp -> 
308: exp -> mult_exp#305 add_exp#306 sub_exp#307
309: add_exp -> add#297 exp#308
310: sub_exp -> 
311: exp -> mult_exp#296 add_exp#309 sub_exp#310
312: statement -> var#286 assign#287 exp#311
313: semicolon -> SEMICOLON#0
314: statements2 -> 
315: statements -> statement#312 semicolon#313 statements2#314
316: statements2 -> statements#315 
317: statements -> statement#283 semicolon#284 statements2#316
318: endloop -> ENDLOOP#0
319: statement -> While#220 bool_exp#253 beginloop#254 statements#317 endloop#318
320: semicolon -> SEMICOLON#0
321: ident -> IDENT (i)#0
322: var -> identifier#321
323: assign -> ASSIGN#0
324: sub_exp -> 
325: number -> NUMBER (2)#0
326: term2 -> number#325
327: term -> sub_exp#324 term2#326
328: mult_exp2 -> 
329: div_exp -> 
330: mod_exp -> 
331: mult_exp -> term#327 mult_exp2#328 div_exp#329 mod_exp#330
332: add_exp -> 
333: sub_exp -> 
334: exp -> mult_exp#331 add_exp#332 sub_exp#333
335: statement -> var#322 assign#323 exp#334
336: semicolon -> SEMICOLON#0
337: While -> WHILE#0
338: not_exp -> 
339: sub_exp -> 
340: ident -> IDENT (i)#0
341: var -> identifier#340
342: term2 -> var#341
343: term -> sub_exp#339 term2#342
344: mult_exp2 -> 
345: div_exp -> 
346: mod_exp -> 
347: mult_exp -> term#343 mult_exp2#344 div_exp#345 mod_exp#346
348: add_exp -> 
349: sub_exp -> 
350: exp -> mult_exp#347 add_exp#348 sub_exp#349
351: less_than_eq -> LTE#0
352: comp -> less_than_eq#351
353: sub_exp -> 
354: ident -> IDENT (sqrt_n)#0
355: var -> identifier#354
356: term2 -> var#355
357: term -> sub_exp#353 term2#356
358: mult_exp2 -> 
359: div_exp -> 
360: mod_exp -> 
361: mult_exp -> term#357 mult_exp2#358 div_exp#359 mod_exp#360
362: add_exp -> 
363: sub_exp -> 
364: exp -> mult_exp#361 add_exp#362 sub_exp#363
365: relation_exp -> exp#350 comp#352 exp#364
366: relation_exp -> not_exp#338 relation_exp#365
367: and_exp -> 
368: relation_and_exp -> relation_exp#366 and_exp#367
369: or_exp -> 
370: bool_exp -> relation_and_exp#368 or_exp#369
371: beginloop -> BEGINLOOP#0
372: If -> IF#0
373: not_exp -> 
374: sub_exp -> 
375: ident -> IDENT (a)#0
376: l_paren -> L_PAREN#0
377: sub_exp -> 
378: ident -> IDENT (i)#0
379: var -> identifier#378
380: term2 -> var#379
381: term -> sub_exp#377 term2#380
382: mult_exp2 -> 
383: div_exp -> 
384: mod_exp -> 
385: mult_exp -> term#381 mult_exp2#382 div_exp#383 mod_exp#384
386: add_exp -> 
387: sub_exp -> 
388: exp -> mult_exp#385 add_exp#386 sub_exp#387
389: r_paren -> R_PAREN#0
390: var -> identifier#375 l_paren#376 exp#388 r_paren#389
391: term2 -> var#390
392: term -> sub_exp#374 term2#391
393: mult_exp2 -> 
394: div_exp -> 
395: mod_exp -> 
396: mult_exp -> term#392 mult_exp2#393 div_exp#394 mod_exp#395
397: add_exp -> 
398: sub_exp -> 
399: exp -> mult_exp#396 add_exp#397 sub_exp#398
400: equal -> EQ#0
401: comp -> equal#400
402: sub_exp -> 
403: number -> NUMBER (0)#0
404: term2 -> number#403
405: term -> sub_exp#402 term2#404
406: mult_exp2 -> 
407: div_exp -> 
408: mod_exp -> 
409: mult_exp -> term#405 mult_exp2#406 div_exp#407 mod_exp#408
410: add_exp -> 
411: sub_exp -> 
412: exp -> mult_exp#409 add_exp#410 sub_exp#411
413: relation_exp -> exp#399 comp#401 exp#412
414: relation_exp -> not_exp#373 relation_exp#413
415: and_exp -> 
416: relation_and_exp -> relation_exp#414 and_exp#415
417: or_exp -> 
418: bool_exp -> relation_and_exp#416 or_exp#417
419: then -> THEN#0
420: ident -> IDENT (j)#0
421: var -> identifier#420
422: assign -> ASSIGN#0
423: sub_exp -> 
424: ident -> IDENT (i)#0
425: var -> identifier#424
426: term2 -> var#425
427: term -> sub_exp#423 term2#426
428: mult_exp2 -> 
429: div_exp -> 
430: mod_exp -> 
431: mult_exp -> term#427 mult_exp2#428 div_exp#429 mod_exp#430
432: add -> ADD#0
433: sub_exp -> 
434: ident -> IDENT (i)#0
435: var -> identifier#434
436: term2 -> var#435
437: term -> sub_exp#433 term2#436
438: mult_exp2 -> 
439: div_exp -> 
440: mod_exp -> 
441: mult_exp -> term#437 mult_exp2#438 div_exp#439 mod_exp#440
442: add_exp -> 
443: sub_exp -> 
444: exp -> mult_exp#441 add_exp#442 sub_exp#443
445: add_exp -> add#432 exp#444
446: sub_exp -> 
447: exp -> mult_exp#431 add_exp#445 sub_exp#446
448: statement -> var#421 assign#422 exp#447
449: semicolon -> SEMICOLON#0
450: While -> WHILE#0
451: not_exp -> 
452: sub_exp -> 
453: ident -> IDENT (j)#0
454: var -> identifier#453
455: term2 -> var#454
456: term -> sub_exp#452 term2#455
457: mult_exp2 -> 
458: div_exp -> 
459: mod_exp -> 
460: mult_exp -> term#456 mult_exp2#457 div_exp#458 mod_exp#459
461: add_exp -> 
462: sub_exp -> 
463: exp -> mult_exp#460 add_exp#461 sub_exp#462
464: less_than_eq -> LTE#0
465: comp -> less_than_eq#464
466: sub_exp -> 
467: ident -> IDENT (n)#0
468: var -> identifier#467
469: term2 -> var#468
470: term -> sub_exp#466 term2#469
471: mult_exp2 -> 
472: div_exp -> 
473: mod_exp -> 
474: mult_exp -> term#470 mult_exp2#471 div_exp#472 mod_exp#473
475: add_exp -> 
476: sub_exp -> 
477: exp -> mult_exp#474 add_exp#475 sub_exp#476
478: relation_exp -> exp#463 comp#465 exp#477
479: relation_exp -> not_exp#451 relation_exp#478
480: and_exp -> 
481: relation_and_exp -> relation_exp#479 and_exp#480
482: or_exp -> 
483: bool_exp -> relation_and_exp#481 or_exp#482
484: beginloop -> BEGINLOOP#0
485: ident -> IDENT (a)#0
486: l_paren -> L_PAREN#0
487: sub_exp -> 
488: ident -> IDENT (j)#0
489: var -> identifier#488
490: term2 -> var#489
491: term -> sub_exp#487 term2#490
492: mult_exp2 -> 
493: div_exp -> 
494: mod_exp -> 
495: mult_exp -> term#491 mult_exp2#492 div_exp#493 mod_exp#494
496: add_exp -> 
497: sub_exp -> 
498: exp -> mult_exp#495 add_exp#496 sub_exp#497
499: r_paren -> R_PAREN#0
500: var -> identifier#485 l_paren#486 exp#498 r_paren#499
501: assign -> ASSIGN#0
502: sub_exp -> 
503: number -> NUMBER (1)#0
504: term2 -> number#503
505: term -> sub_exp#502 term2#504
506: mult_exp2 -> 
507: div_exp -> 
508: mod_exp -> 
509: mult_exp -> term#505 mult_exp2#506 div_exp#507 mod_exp#508
510: add_exp -> 
511: sub_exp -> 
512: exp -> mult_exp#509 add_exp#510 sub_exp#511
513: statement -> var#500 assign#501 exp#512
514: semicolon -> SEMICOLON#0
515: ident -> IDENT (j)#0
516: var -> identifier#515
517: assign -> ASSIGN#0
518: sub_exp -> 
519: ident -> IDENT (j)#0
520: var -> identifier#519
521: term2 -> var#520
522: term -> sub_exp#518 term2#521
523: mult_exp2 -> 
524: div_exp -> 
525: mod_exp -> 
526: mult_exp -> term#522 mult_exp2#523 div_exp#524 mod_exp#525
527: add -> ADD#0
528: sub_exp -> 
529: ident -> IDENT (i)#0
530: var -> identifier#529
531: term2 -> var#530
532: term -> sub_exp#528 term2#531
533: mult_exp2 -> 
534: div_exp -> 
535: mod_exp -> 
536: mult_exp -> term#532 mult_exp2#533 div_exp#534 mod_exp#535
537: add_exp -> 
538: sub_exp -> 
539: exp -> mult_exp#536 add_exp#537 sub_exp#538
540: add_exp -> add#527 exp#539
541: sub_exp -> 
542: exp -> mult_exp#526 add_exp#540 sub_exp#541
543: statement -> var#516 assign#517 exp#542
544: semicolon -> SEMICOLON#0
545: statements2 -> 
546: statements -> statement#543 semicolon#544 statements2#545
547: statements2 -> statements#546 
548: statements -> statement#513 semicolon#514 statements2#547
549: endloop -> ENDLOOP#0
550: statement -> While#450 bool_exp#483 beginloop#484 statements#548 endloop#549
551: semicolon -> SEMICOLON#0
552: statements2 -> 
553: statements -> statement#550 semicolon#551 statements2#552
554: statements2 -> statements#553 
555: statements -> statement#448 semicolon#449 statements2#554
556: if_else -> 
557: endif -> ENDIF#0
558: statement -> If#372 bool_exp#418 then#419 statements#555 if_else#556 endif#557
559: semicolon -> SEMICOLON#0
560: ident -> IDENT (i)#0
561: var -> identifier#560
562: assign -> ASSIGN#0
563: sub_exp -> 
564: ident -> IDENT (i)#0
565: var -> identifier#564
566: term2 -> var#565
567: term -> sub_exp#563 term2#566
568: mult_exp2 -> 
569: div_exp -> 
570: mod_exp -> 
571: mult_exp -> term#567 mult_exp2#568 div_exp#569 mod_exp#570
572: add -> ADD#0
573: sub_exp -> 
574: number -> NUMBER (1)#0
575: term2 -> number#574
576: term -> sub_exp#573 term2#575
577: mult_exp2 -> 
578: div_exp -> 
579: mod_exp -> 
580: mult_exp -> term#576 mult_exp2#577 div_exp#578 mod_exp#579
581: add_exp -> 
582: sub_exp -> 
583: exp -> mult_exp#580 add_exp#581 sub_exp#582
584: add_exp -> add#572 exp#583
585: sub_exp -> 
586: exp -> mult_exp#571 add_exp#584 sub_exp#585
587: statement -> var#561 assign#562 exp#586
588: semicolon -> SEMICOLON#0
589: statements2 -> 
590: statements -> statement#587 semicolon#588 statements2#589
591: statements2 -> statements#590 
592: statements -> statement#558 semicolon#559 statements2#591
593: endloop -> ENDLOOP#0
594: statement -> While#337 bool_exp#370 beginloop#371 statements#592 endloop#593
595: semicolon -> SEMICOLON#0
596: ident -> IDENT (i)#0
597: var -> identifier#596
598: assign -> ASSIGN#0
599: sub_exp -> 
600: number -> NUMBER (2)#0
601: term2 -> number#600
602: term -> sub_exp#599 term2#601
603: mult_exp2 -> 
604: div_exp -> 
605: mod_exp -> 
606: mult_exp -> term#602 mult_exp2#603 div_exp#604 mod_exp#605
607: add_exp -> 
608: sub_exp -> 
609: exp -> mult_exp#606 add_exp#607 sub_exp#608
610: statement -> var#597 assign#598 exp#609
611: semicolon -> SEMICOLON#0
612: While -> WHILE#0
613: not_exp -> 
614: sub_exp -> 
615: ident -> IDENT (i)#0
616: var -> identifier#615
617: term2 -> var#616
618: term -> sub_exp#614 term2#617
619: mult_exp2 -> 
620: div_exp -> 
621: mod_exp -> 
622: mult_exp -> term#618 mult_exp2#619 div_exp#620 mod_exp#621
623: add_exp -> 
624: sub_exp -> 
625: exp -> mult_exp#622 add_exp#623 sub_exp#624
626: less_than_eq -> LTE#0
627: comp -> less_than_eq#626
628: sub_exp -> 
629: ident -> IDENT (n)#0
630: var -> identifier#629
631: term2 -> var#630
632: term -> sub_exp#628 term2#631
633: mult_exp2 -> 
634: div_exp -> 
635: mod_exp -> 
636: mult_exp -> term#632 mult_exp2#633 div_exp#634 mod_exp#635
637: add_exp -> 
638: sub_exp -> 
639: exp -> mult_exp#636 add_exp#637 sub_exp#638
640: relation_exp -> exp#625 comp#627 exp#639
641: relation_exp -> not_exp#613 relation_exp#640
642: and_exp -> 
643: relation_and_exp -> relation_exp#641 and_exp#642
644: or_exp -> 
645: bool_exp -> relation_and_exp#643 or_exp#644
646: beginloop -> BEGINLOOP#0
647: If -> IF#0
648: not_exp -> 
649: sub_exp -> 
650: ident -> IDENT (a)#0
651: l_paren -> L_PAREN#0
652: sub_exp -> 
653: ident -> IDENT (i)#0
654: var -> identifier#653
655: term2 -> var#654
656: term -> sub_exp#652 term2#655
657: mult_exp2 -> 
658: div_exp -> 
659: mod_exp -> 
660: mult_exp -> term#656 mult_exp2#657 div_exp#658 mod_exp#659
661: add_exp -> 
662: sub_exp -> 
663: exp -> mult_exp#660 add_exp#661 sub_exp#662
664: r_paren -> R_PAREN#0
665: var -> identifier#650 l_paren#651 exp#663 r_paren#664
666: term2 -> var#665
667: term -> sub_exp#649 term2#666
668: mult_exp2 -> 
669: div_exp -> 
670: mod_exp -> 
671: mult_exp -> term#667 mult_exp2#668 div_exp#669 mod_exp#670
672: add_exp -> 
673: sub_exp -> 
674: exp -> mult_exp#671 add_exp#672 sub_exp#673
675: equal -> EQ#0
676: comp -> equal#675
677: sub_exp -> 
678: number -> NUMBER (0)#0
679: term2 -> number#678
680: term -> sub_exp#677 term2#679
681: mult_exp2 -> 
682: div_exp -> 
683: mod_exp -> 
684: mult_exp -> term#680 mult_exp2#681 div_exp#682 mod_exp#683
685: add_exp -> 
686: sub_exp -> 
687: exp -> mult_exp#684 add_exp#685 sub_exp#686
688: relation_exp -> exp#674 comp#676 exp#687
689: relation_exp -> not_exp#648 relation_exp#688
690: and_exp -> 
691: relation_and_exp -> relation_exp#689 and_exp#690
692: or_exp -> 
693: bool_exp -> relation_and_exp#691 or_exp#692
694: then -> THEN#0
695: write -> WRITE#0
696: ident -> IDENT (i)#0
697: var -> identifier#696
698: vars2 -> 
699: vars -> var#697 vars2#698
700: statement -> vars#695
701: semicolon -> SEMICOLON#0
702: statements2 -> 
703: statements -> statement#700 semicolon#701 statements2#702
704: if_else -> 
705: endif -> ENDIF#0
706: statement -> If#647 bool_exp#693 then#694 statements#703 if_else#704 endif#705
707: semicolon -> SEMICOLON#0
708: ident -> IDENT (i)#0
709: var -> identifier#708
710: assign -> ASSIGN#0
711: sub_exp -> 
712: ident -> IDENT (i)#0
713: var -> identifier#712
714: term2 -> var#713
715: term -> sub_exp#711 term2#714
716: mult_exp2 -> 
717: div_exp -> 
718: mod_exp -> 
719: mult_exp -> term#715 mult_exp2#716 div_exp#717 mod_exp#718
720: add -> ADD#0
721: sub_exp -> 
722: number -> NUMBER (1)#0
723: term2 -> number#722
724: term -> sub_exp#721 term2#723
725: mult_exp2 -> 
726: div_exp -> 
727: mod_exp -> 
728: mult_exp -> term#724 mult_exp2#725 div_exp#726 mod_exp#727
729: add_exp -> 
730: sub_exp -> 
731: exp -> mult_exp#728 add_exp#729 sub_exp#730
732: add_exp -> add#720 exp#731
733: sub_exp -> 
734: exp -> mult_exp#719 add_exp#732 sub_exp#733
735: statement -> var#709 assign#710 exp#734
736: semicolon -> SEMICOLON#0
737: statements2 -> 
738: statements -> statement#735 semicolon#736 statements2#737
739: statements2 -> statements#738 
740: statements -> statement#706 semicolon#707 statements2#739
741: endloop -> ENDLOOP#0
742: statement -> While#612 bool_exp#645 beginloop#646 statements#740 endloop#741
743: semicolon -> SEMICOLON#0
744: statements2 -> 
745: statements -> statement#742 semicolon#743 statements2#744
746: statements2 -> statements#745 
747: statements -> statement#610 semicolon#611 statements2#746
748: statements2 -> statements#747 
749: statements -> statement#594 semicolon#595 statements2#748
750: statements2 -> statements#749 
751: statements -> statement#335 semicolon#336 statements2#750
752: statements2 -> statements#751 
753: statements -> statement#319 semicolon#320 statements2#752
754: statements2 -> statements#753 
755: statements -> statement#218 semicolon#219 statements2#754
756: statements2 -> statements#755 
757: statements -> statement#202 semicolon#203 statements2#756
758: statements2 -> statements#757 
759: statements -> statement#185 semicolon#186 statements2#758
760: statements2 -> statements#759 
761: statements -> statement#74 semicolon#75 statements2#760
762: statements2 -> statements#761 
763: statements -> statement#57 semicolon#58 statements2#762
764: block -> declarations#50 beginprogram#51 statements#763
765: end_program -> END_PROGRAM#0
766: start -> program#1 identifier#2 semicolon#3 block#764 endprogram#765
